  Functions.c
D:\IPCA\1ºAno\2º Semestre\EDA\Project EDA\Project EDA\Functions.c(23,46): warning C4047: 'return': 'Pacientes' differs in levels of indirection from 'int'
D:\IPCA\1ºAno\2º Semestre\EDA\Project EDA\Project EDA\Functions.c(32,1): warning C4047: 'initializing': 'Pacientes' differs in levels of indirection from 'Pacientes *'
D:\IPCA\1ºAno\2º Semestre\EDA\Project EDA\Project EDA\Functions.c(171,45): warning C4047: '<': 'int' differs in levels of indirection from 'preferencias *[5]'
D:\IPCA\1ºAno\2º Semestre\EDA\Project EDA\Project EDA\Functions.c(177,12): warning C4047: 'return': 'PacientesTeste' differs in levels of indirection from 'int'
D:\IPCA\1ºAno\2º Semestre\EDA\Project EDA\Project EDA\Functions.c(218,19): warning C4047: 'function': 'Pacientes' differs in levels of indirection from 'Pacientes *'
D:\IPCA\1ºAno\2º Semestre\EDA\Project EDA\Project EDA\Functions.c(218,11): warning C4024: 'listar': different types for formal and actual parameter 1
D:\IPCA\1ºAno\2º Semestre\EDA\Project EDA\Project EDA\Functions.c(221,19): warning C4013: 'listarHospitais' undefined; assuming extern returning int
D:\IPCA\1ºAno\2º Semestre\EDA\Project EDA\Project EDA\Functions.c(224,15): warning C4013: 'editarErros' undefined; assuming extern returning int
D:\IPCA\1ºAno\2º Semestre\EDA\Project EDA\Project EDA\Functions.c(227,17): warning C4013: 'editaHospital' undefined; assuming extern returning int
D:\IPCA\1ºAno\2º Semestre\EDA\Project EDA\Project EDA\Functions.c(230,16): warning C4013: 'atribuiVagas' undefined; assuming extern returning int
D:\IPCA\1ºAno\2º Semestre\EDA\Project EDA\Project EDA\Functions.c(231,25): warning C4013: 'mostraTabelaHospitais' undefined; assuming extern returning int
D:\IPCA\1ºAno\2º Semestre\EDA\Project EDA\Project EDA\Functions.c(270,33): warning C4013: 'inserirInicio' undefined; assuming extern returning int
D:\IPCA\1ºAno\2º Semestre\EDA\Project EDA\Project EDA\Functions.c(270,46): warning C4047: '=': 'pacientes *' differs in levels of indirection from 'int'
D:\IPCA\1ºAno\2º Semestre\EDA\Project EDA\Project EDA\Functions.c(308,11): error C2040: 'atribuiVagas': 'Hospitais (Pacientes,Hospitais)' differs in levels of indirection from 'int ()'
D:\IPCA\1ºAno\2º Semestre\EDA\Project EDA\Project EDA\Functions.c(319,27): error C2039: 'preferencia': is not a member of 'pacientes'
D:\IPCA\1ºAno\2º Semestre\EDA\Project EDA\Project EDA\Files.h(40): message : see declaration of 'pacientes'
D:\IPCA\1ºAno\2º Semestre\EDA\Project EDA\Project EDA\Functions.c(320,62): error C2223: left of '->proximo' must point to struct/union
D:\IPCA\1ºAno\2º Semestre\EDA\Project EDA\Project EDA\Functions.c(323,26): error C2059: syntax error: ')'
D:\IPCA\1ºAno\2º Semestre\EDA\Project EDA\Project EDA\Functions.c(335,1): fatal error C1004: unexpected end-of-file found
